<?xml version="1.0" encoding="UTF-8"?>
<!-- Generated by org.testng.reporters.JUnitReportReporter -->
<testsuite hostname="LAPTOP-R4IM7K5S" failures="0" tests="4" name="com.crm.qa.testcases.DealsPageTest" time="89.898" errors="0" timestamp="2020-10-30T16:23:15 IST" skipped="0">
  <testcase classname="com.crm.qa.testcases.DealsPageTest" name="validatecreatNewDeal" time="21.182"/>
  <system-out/>
  <testcase classname="com.crm.qa.testcases.DealsPageTest" name="validatecreatNewDeal" time="25.076"/>
  <system-out/>
  <testcase classname="com.crm.qa.testcases.DealsPageTest" name="validatecreatNewDeal" time="24.446"/>
  <system-out/>
  <testcase classname="com.crm.qa.testcases.DealsPageTest" name="verifyDealsPageLabel" time="19.194"/>
  <system-out/>
</testsuite> <!-- com.crm.qa.testcases.DealsPageTest -->
