<?xml version="1.0" encoding="UTF-8"?>
<!-- Generated by org.testng.reporters.JUnitReportReporter -->
<testsuite hostname="LAPTOP-R4IM7K5S" failures="0" tests="4" name="com.crm.qa.testcases.TaskPageTest" time="75.622" errors="0" timestamp="2020-11-02T14:05:36 IST" skipped="0">
  <testcase classname="com.crm.qa.testcases.TaskPageTest" name="validatecreatNewTask" time="15.750"/>
  <system-out/>
  <testcase classname="com.crm.qa.testcases.TaskPageTest" name="validatecreatNewTask" time="13.182"/>
  <system-out/>
  <testcase classname="com.crm.qa.testcases.TaskPageTest" name="validatecreatNewTask" time="12.759"/>
  <system-out/>
  <testcase classname="com.crm.qa.testcases.TaskPageTest" name="verifyTaskPageLabel" time="33.931"/>
  <system-out/>
</testsuite> <!-- com.crm.qa.testcases.TaskPageTest -->
