<?xml version="1.0" encoding="UTF-8"?>
<!-- Generated by org.testng.reporters.JUnitReportReporter -->
<testsuite hostname="LAPTOP-R4IM7K5S" failures="0" tests="4" name="com.crm.qa.testcases.ContactsPageTest" time="137.163" errors="0" timestamp="2020-10-30T01:12:18 IST" skipped="0">
  <testcase classname="com.crm.qa.testcases.ContactsPageTest" name="verifycontactspagelabel" time="29.932"/>
  <system-out/>
  <testcase classname="com.crm.qa.testcases.ContactsPageTest" name="validatecreatNewContact" time="35.786"/>
  <system-out/>
  <testcase classname="com.crm.qa.testcases.ContactsPageTest" name="validatecreatNewContact" time="37.521"/>
  <system-out/>
  <testcase classname="com.crm.qa.testcases.ContactsPageTest" name="validatecreatNewContact" time="33.924"/>
  <system-out/>
</testsuite> <!-- com.crm.qa.testcases.ContactsPageTest -->
