<?xml version="1.0" encoding="UTF-8"?>
<!-- Generated by org.testng.reporters.JUnitReportReporter -->
<testsuite hostname="LAPTOP-R4IM7K5S" failures="0" tests="3" name="com.crm.qa.testcases.HomePageTest" time="38.357" errors="0" timestamp="2020-10-30T00:21:51 IST" skipped="0">
  <testcase classname="com.crm.qa.testcases.HomePageTest" name="verifyHomePageTitleTest" time="10.021"/>
  <system-out/>
  <testcase classname="com.crm.qa.testcases.HomePageTest" name="verifyuserlabelTest" time="15.804"/>
  <system-out/>
  <testcase classname="com.crm.qa.testcases.HomePageTest" name="verifycontactslinkTest" time="12.532"/>
  <system-out/>
</testsuite> <!-- com.crm.qa.testcases.HomePageTest -->
